{"name": "Клик по логотипу Яндекса открывает Дзен в новой вкладке", "status": "broken", "statusDetails": {"message": "selenium.common.exceptions.TimeoutException: Message: \nStacktrace:\nRemoteError@chrome://remote/content/shared/RemoteError.sys.mjs:8:8\nWebDriverError@chrome://remote/content/shared/webdriver/Errors.sys.mjs:199:5\nNoSuchElementError@chrome://remote/content/shared/webdriver/Errors.sys.mjs:552:5\ndom.find/</<@chrome://remote/content/shared/DOM.sys.mjs:136:16", "trace": "tests\\test_order_form.py:76: in test_yandex_logo_leads_to_dzen\n    page.wait_for_yandex_page_download()\npages\\main_page.py:39: in wait_for_yandex_page_download\n    self.wait_for_presence(MainPageLocators.YANDEX_POP_UP)\npages\\base_page.py:53: in wait_for_presence\n    return self.wait.until(EC.presence_of_element_located(locator))\nC:\\Users\\Alexander\\AppData\\Local\\Programs\\Python\\Python313\\Lib\\site-packages\\selenium\\webdriver\\support\\wait.py:146: in until\n    raise TimeoutException(message, screen, stacktrace)\nE   selenium.common.exceptions.TimeoutException: Message: \nE   Stacktrace:\nE   RemoteError@chrome://remote/content/shared/RemoteError.sys.mjs:8:8\nE   WebDriverError@chrome://remote/content/shared/webdriver/Errors.sys.mjs:199:5\nE   NoSuchElementError@chrome://remote/content/shared/webdriver/Errors.sys.mjs:552:5\nE   dom.find/</<@chrome://remote/content/shared/DOM.sys.mjs:136:16"}, "steps": [{"name": "Кликаем по логотипу Яндекса", "status": "passed", "start": 1748288292572, "stop": 1748288292610}, {"name": "Ожидаем загрузку страницы Яндекса и появление попапа", "status": "broken", "statusDetails": {"message": "selenium.common.exceptions.TimeoutException: Message: \nStacktrace:\nRemoteError@chrome://remote/content/shared/RemoteError.sys.mjs:8:8\nWebDriverError@chrome://remote/content/shared/webdriver/Errors.sys.mjs:199:5\nNoSuchElementError@chrome://remote/content/shared/webdriver/Errors.sys.mjs:552:5\ndom.find/</<@chrome://remote/content/shared/DOM.sys.mjs:136:16\n\n", "trace": "  File \"C:\\Users\\Alexander\\AppData\\Local\\Programs\\Python\\Python313\\Lib\\site-packages\\allure_commons\\_allure.py\", line 202, in impl\n    return func(*a, **kw)\n  File \"d:\\YPSprint_6\\pages\\main_page.py\", line 39, in wait_for_yandex_page_download\n    self.wait_for_presence(MainPageLocators.YANDEX_POP_UP)\n    ~~~~~~~~~~~~~~~~~~~~~~^^^^^^^^^^^^^^^^^^^^^^^^^^^^^^^^\n  File \"d:\\YPSprint_6\\pages\\base_page.py\", line 53, in wait_for_presence\n    return self.wait.until(EC.presence_of_element_located(locator))\n           ~~~~~~~~~~~~~~~^^^^^^^^^^^^^^^^^^^^^^^^^^^^^^^^^^^^^^^^^\n  File \"C:\\Users\\Alexander\\AppData\\Local\\Programs\\Python\\Python313\\Lib\\site-packages\\selenium\\webdriver\\support\\wait.py\", line 146, in until\n    raise TimeoutException(message, screen, stacktrace)\n"}, "start": 1748288292615, "stop": 1748288303266}], "start": 1748288291317, "stop": 1748288303268, "uuid": "9ad90389-5df8-4e20-99fc-82b4bb17b60b", "historyId": "b6e4aba1276ee96f6c31889be8e591db", "testCaseId": "b6e4aba1276ee96f6c31889be8e591db", "fullName": "tests.test_order_form.TestOrderForm#test_yandex_logo_leads_to_dzen", "labels": [{"name": "parentSuite", "value": "tests"}, {"name": "suite", "value": "test_order_form"}, {"name": "subSuite", "value": "TestOrderForm"}, {"name": "host", "value": "DESKTOP-4G2RQ9T"}, {"name": "thread", "value": "20452-MainThread"}, {"name": "framework", "value": "pytest"}, {"name": "language", "value": "cpython3"}, {"name": "package", "value": "tests.test_order_form"}]}